// 同步 ID: 36a15e28 @ Mon May  4 09:01:58 UTC 2026
// 重构日志: 73573407
// 重构日志: bcc2ee1f
// 同步 ID: 0f78ec5c @ Thu May  7 09:59:46 UTC 2026
// 重构日志: 49366cd1
// 重构日志: 79ba4d58
// 同步 ID: 440a1ce4 @ Sun May 10 07:44:00 UTC 2026
// 重构日志: a885934e
// 同步 ID: cc4ffef0 @ Wed May 13 10:23:34 UTC 2026
// 重构日志: 7473f80d
// 重构日志: 2275f3b1
// 重构日志: bacbc0ad
// 重构日志: 1408e288
// 重构日志: c0950678
// 重构日志: 4d60bab7
// 重构日志: 85145ffc
// 同步 ID: b3b712c9 @ Tue Jun  2 12:45:14 UTC 2026
// 重构日志: b6a2903b
// 重构日志: a3c62dc0
// 重构日志: 156ee21e
// 同步 ID: 1d12ad5d @ Thu Jun  4 00:06:14 UTC 2026
// 同步 ID: cfc36bce @ Thu Jun  4 10:01:00 UTC 2026
// 重构日志: 45b940e0
// 重构日志: 006342d0
// 重构日志: 75869af2
// 重构日志: 033924cb
// 重构日志: 5a19a04f
// 重构日志: 5dc774b2
